D:\VSPROJECTS\OPENCV\OPENCV\DEBUG\SHOWPIC.OBJ
D:\VSPROJECTS\OPENCV\OPENCV\DEBUG\VC110.PDB
D:\VSPROJECTS\OPENCV\DEBUG\OPENCV.ILK
D:\VSPROJECTS\OPENCV\DEBUG\OPENCV.EXE
D:\VSPROJECTS\OPENCV\DEBUG\OPENCV.PDB
D:\VSPROJECTS\OPENCV\OPENCV\DEBUG\OPENCV.RES
D:\vsprojects\opencv\opencv\Debug\showpic.obj
D:\vsprojects\opencv\opencv\Debug\cl.command.1.tlog
D:\vsprojects\opencv\opencv\Debug\CL.read.1.tlog
D:\vsprojects\opencv\opencv\Debug\CL.write.1.tlog
D:\vsprojects\opencv\opencv\Debug\link-cvtres.read.1.tlog
D:\vsprojects\opencv\opencv\Debug\link-cvtres.write.1.tlog
D:\vsprojects\opencv\opencv\Debug\link-rc.read.1.tlog
D:\vsprojects\opencv\opencv\Debug\link-rc.write.1.tlog
D:\vsprojects\opencv\opencv\Debug\link.command.1.tlog
D:\vsprojects\opencv\opencv\Debug\link.read.1.tlog
D:\vsprojects\opencv\opencv\Debug\link.write.1.tlog
D:\vsprojects\opencv\opencv\Debug\rc.command.1.tlog
D:\vsprojects\opencv\opencv\Debug\rc.read.1.tlog
D:\vsprojects\opencv\opencv\Debug\rc.write.1.tlog
D:\vsprojects\opencv\opencv\Debug\opencv.res
D:\vsprojects\opencv\opencv\Debug\vc110.idb
D:\vsprojects\opencv\opencv\Debug\vc110.pdb
D:\vsprojects\opencv\Debug\opencv.pdb
D:\vsprojects\opencv\Debug\opencv.exe
D:\vsprojects\opencv\Debug\opencv.ilk
